<?xml version="1.0" encoding="UTF-8"?>
<!-- Generated by org.testng.reporters.JUnitXMLReporter -->
<testsuite hostname="A-R" name="codingRound-master" tests="3" failures="0" timestamp="13 Sep 2019 09:50:57 GMT" time="156.1" errors="0">
  <testcase name="SearchItems" time="79.021" classname="TestcasePackage.aliexpress"/>
  <testcase name="UserLogin" time="51.838" classname="TestcasePackage.aliexpress"/>
  <testcase name="UserRegisteration" time="17.842" classname="TestcasePackage.aliexpress"/>
</testsuite> <!-- codingRound-master -->
